<?xml version="1.0" encoding="UTF-8"?>
<testsuite xmlns:xsi="http://www.w3.org/2001/XMLSchema-instance" xsi:noNamespaceSchemaLocation="https://maven.apache.org/surefire/maven-surefire-plugin/xsd/surefire-test-report-3.0.xsd" version="3.0" name="com.karunia.step_definition.RunCukesTest" time="52.376" tests="1" errors="0" skipped="0" failures="0">
  <properties>
[...]
</properties>
  <testcase name="edit title card #2" classname="User want to add new board" time="46.736">
    <system-out><![CDATA[
@Cicle @Board @Test28
Scenario: edit title card                           &amp#27;[90m# src/test/resources/features/Board.feature:86&amp#27;[0m
  &amp#27;[32mGiven &amp#27;[0m&amp#27;[32muser already in home cicle app&amp#27;[0m              &amp#27;[90m# com.karunia.step_definition.Chat.DelateChatStep.userAlreadyInHomeCicleApp()&amp#27;[0m
  &amp#27;[32mWhen &amp#27;[0m&amp#27;[32muser click sekolah qa&amp#27;[0m&amp#27;[32m&amp#27;[1m17&amp#27;[0m                      &amp#27;[90m# com.karunia.step_definition.Chat.DelateChatStep.userClickSekolahQa(int)&amp#27;[0m
  &amp#27;[32mAnd &amp#27;[0m&amp#27;[32muser click board&amp#27;[0m                              &amp#27;[90m# com.karunia.step_definition.Board.NewListStep.userClickBoard()&amp#27;[0m
  &amp#27;[32mAnd &amp#27;[0m&amp#27;[32muser click add new card&amp#27;[0m                       &amp#27;[90m# com.karunia.step_definition.Board.AddNewCardStep.userClickAddNewCard()&amp#27;[0m
  &amp#27;[32mAnd &amp#27;[0m&amp#27;[32muser fill yorcard name by &amp#27;[0m&amp#27;[32m&amp#27;[1m"testing"&amp#27;[0m           &amp#27;[90m# com.karunia.step_definition.Board.AddNewCardStep.userFillYorcardNameBy(java.lang.String)&amp#27;[0m
  &amp#27;[32mAnd &amp#27;[0m&amp#27;[32muser click checklist button&amp#27;[0m                   &amp#27;[90m# com.karunia.step_definition.Board.AddNewCardStep.userClickChecklistButton()&amp#27;[0m
  &amp#27;[32mAnd &amp#27;[0m&amp#27;[32muser click edit card&amp#27;[0m                          &amp#27;[90m# com.karunia.step_definition.Board.CommentCardStep.userClickTestingCard()&amp#27;[0m
  &amp#27;[32mAnd &amp#27;[0m&amp#27;[32muser click edit name card by adding &amp#27;[0m&amp#27;[32m&amp#27;[1m"testing"&amp#27;[0m &amp#27;[90m# com.karunia.step_definition.Board.EditTitleStep.userClickEditNameCardByAdding(java.lang.String)&amp#27;[0m
  &amp#27;[32mThen &amp#27;[0m&amp#27;[32malert will not update&amp#27;[0m                        &amp#27;[90m# com.karunia.step_definition.Chat.NoEditTitle.alertWillNotUpdate()&amp#27;[0m
]]></system-out>
    <system-err><![CDATA[Apr 05, 2023 9:38:39 PM io.appium.java_client.remote.AppiumCommandExecutor$1 lambda$0
INFO: Detected dialect: W3C
]]></system-err>
  </testcase>
</testsuite>